<?xml version="1.0" encoding="UTF-8"?>
<!-- Generated by org.testng.reporters.JUnitReportReporter -->
<testsuite hostname="MY-HP" failures="0" tests="2" name="com.ttt.orangehrmtests.OHRMLoginLogoutTest" time="130.339" errors="0" timestamp="2022-11-06T14:30:00 IST" skipped="1">
  <testcase classname="com.ttt.orangehrmtests.OHRMLoginLogoutTest" name="addUser" time="130.339"/>
  <system-out/>
  <testcase classname="com.ttt.orangehrmtests.OHRMLoginLogoutTest" name="loginLogOut">
    <skipped/>
  </testcase> <!-- loginLogOut -->
  <system-out/>
</testsuite> <!-- com.ttt.orangehrmtests.OHRMLoginLogoutTest -->
